<?xml version="1.0" encoding="UTF-8"?>
<testsuite name="com.ecda.platform.service.AuthServiceTest" tests="4" skipped="0" failures="0" errors="0" timestamp="2026-06-06T08:12:04.418Z" hostname="DESKTOP-JMQ06C5" time="0.69">
  <properties/>
  <testcase name="login throws UNAUTHORIZED for unknown user()" classname="com.ecda.platform.service.AuthServiceTest" time="0.225"/>
  <testcase name="login throws UNAUTHORIZED for inactive user()" classname="com.ecda.platform.service.AuthServiceTest" time="0.008"/>
  <testcase name="login throws UNAUTHORIZED for wrong password()" classname="com.ecda.platform.service.AuthServiceTest" time="0.024"/>
  <testcase name="login returns token for valid credentials()" classname="com.ecda.platform.service.AuthServiceTest" time="0.015"/>
  <system-out><![CDATA[]]></system-out>
  <system-err><![CDATA[]]></system-err>
</testsuite>
