<?xml version="1.0" encoding="UTF-8"?>
<testsuite name="com.ecda.platform.controller.CentreControllerTest" tests="12" skipped="0" failures="0" errors="0" timestamp="2026-06-06T08:11:56.492Z" hostname="DESKTOP-JMQ06C5" time="6.788">
  <properties/>
  <testcase name="GET centres returns paged results()" classname="com.ecda.platform.controller.CentreControllerTest" time="0.922"/>
  <testcase name="GET centres with filters applies search params()" classname="com.ecda.platform.controller.CentreControllerTest" time="0.015"/>
  <testcase name="POST centre with invalid data returns 400()" classname="com.ecda.platform.controller.CentreControllerTest" time="0.287"/>
  <testcase name="POST centre creates and returns 201()" classname="com.ecda.platform.controller.CentreControllerTest" time="0.51"/>
  <testcase name="GET centres with pagination works correctly()" classname="com.ecda.platform.controller.CentreControllerTest" time="0.013"/>
  <testcase name="GET centres returns 403 when unauthenticated()" classname="com.ecda.platform.controller.CentreControllerTest" time="0.009"/>
  <testcase name="PUT centre returns 403 for CENTRE_LEADER()" classname="com.ecda.platform.controller.CentreControllerTest" time="0.024"/>
  <testcase name="POST centre returns 403 for CENTRE_LEADER()" classname="com.ecda.platform.controller.CentreControllerTest" time="0.005"/>
  <testcase name="PUT centre updates and returns 200()" classname="com.ecda.platform.controller.CentreControllerTest" time="0.026"/>
  <testcase name="GET centre with invalid id returns 404()" classname="com.ecda.platform.controller.CentreControllerTest" time="0.017"/>
  <testcase name="GET centre by id returns profile()" classname="com.ecda.platform.controller.CentreControllerTest" time="0.01"/>
  <testcase name="HQ_ADMIN can create centre()" classname="com.ecda.platform.controller.CentreControllerTest" time="0.01"/>
  <system-out><![CDATA[16:11:56.748 [Test worker] INFO org.springframework.test.context.support.AnnotationConfigContextLoaderUtils -- Could not detect default configuration classes for test class [com.ecda.platform.controller.CentreControllerTest]: CentreControllerTest does not declare any static, non-private, non-final, nested classes annotated with @Configuration.
16:11:57.505 [Test worker] INFO org.springframework.boot.test.context.SpringBootTestContextBootstrapper -- Found @SpringBootConfiguration com.ecda.platform.EcdaApplication for test class com.ecda.platform.controller.CentreControllerTest
  .   ____          _            __ _ _
 /\\ / ___'_ __ _ _(_)_ __  __ _ \ \ \ \
( ( )\___ | '_ | '_| | '_ \/ _` | \ \ \ \
 \\/  ___)| |_)| | | | | || (_| |  ) ) ) )
  '  |____| .__|_| |_|_| |_\__, | / / / /
 =========|_|==============|___/=/_/_/_/

 :: Spring Boot ::                (v3.3.0)

2026-06-06T16:11:58.257+08:00  INFO 21604 --- [    Test worker] c.e.p.controller.CentreControllerTest    : Starting CentreControllerTest using Java 26.0.1 with PID 21604 (started by SONG in C:\Users\SONG\.claude\projects\intelligent-task-manager\backend)
2026-06-06T16:11:58.258+08:00 DEBUG 21604 --- [    Test worker] c.e.p.controller.CentreControllerTest    : Running with Spring Boot v3.3.0, Spring v6.1.8
2026-06-06T16:11:58.259+08:00  INFO 21604 --- [    Test worker] c.e.p.controller.CentreControllerTest    : The following 1 profile is active: "test"
2026-06-06T16:11:59.762+08:00  WARN 21604 --- [    Test worker] i.m.p.j.t.InliningClassTransformer       : Failed to transform class java/lang/Object

java.lang.IllegalArgumentException: Java 26 (70) is not supported by the current version of Byte Buddy which officially supports Java 23 (67) - update Byte Buddy or set net.bytebuddy.experimental as a VM property
	at net.bytebuddy.utility.OpenedClassReader.of(OpenedClassReader.java:100) ~[byte-buddy-1.14.16.jar:na]
	at net.bytebuddy.dynamic.scaffold.TypeWriter$Default$ForInlining.create(TypeWriter.java:4011) ~[byte-buddy-1.14.16.jar:na]
	at net.bytebuddy.dynamic.scaffold.TypeWriter$Default.make(TypeWriter.java:2224) ~[byte-buddy-1.14.16.jar:na]
	at net.bytebuddy.dynamic.DynamicType$Builder$AbstractBase$UsingTypeWriter.make(DynamicType.java:4055) ~[byte-buddy-1.14.16.jar:na]
	at net.bytebuddy.dynamic.DynamicType$Builder$AbstractBase.make(DynamicType.java:3739) ~[byte-buddy-1.14.16.jar:na]
	at io.mockk.proxy.jvm.transformation.InliningClassTransformer.transform(InliningClassTransformer.kt:81) ~[mockk-agent-jvm-1.13.8.jar:na]
	at java.instrument/java.lang.instrument.ClassFileTransformer.transform(ClassFileTransformer.java:257) ~[na:na]
	at java.instrument/sun.instrument.TransformerManager.transform(TransformerManager.java:188) ~[na:na]
	at java.instrument/sun.instrument.InstrumentationImpl.transform(InstrumentationImpl.java:594) ~[na:na]
	at java.instrument/sun.instrument.InstrumentationImpl.retransformClasses0(Native Method) ~[na:na]
	at java.instrument/sun.instrument.InstrumentationImpl.retransformClasses(InstrumentationImpl.java:221) ~[na:na]
	at io.mockk.proxy.jvm.transformation.JvmInlineInstrumentation.retransform(JvmInlineInstrumentation.kt:28) ~[mockk-agent-jvm-1.13.8.jar:na]
	at io.mockk.proxy.common.transformation.RetransformInlineInstrumentation$execute$1.invoke(RetransformInlineInstrumentation.kt:19) ~[mockk-agent-api-jvm-1.13.8.jar:na]
	at io.mockk.proxy.common.transformation.RetransformInlineInstrumentation$execute$1.invoke(RetransformInlineInstrumentation.kt:16) ~[mockk-agent-api-jvm-1.13.8.jar:na]
	at io.mockk.proxy.common.transformation.ClassTransformationSpecMap.applyTransformation(ClassTransformationSpecMap.kt:41) ~[mockk-agent-api-jvm-1.13.8.jar:na]
	at io.mockk.proxy.common.transformation.RetransformInlineInstrumentation.execute(RetransformInlineInstrumentation.kt:16) ~[mockk-agent-api-jvm-1.13.8.jar:na]
	at io.mockk.proxy.jvm.ProxyMaker.inline(ProxyMaker.kt:90) ~[mockk-agent-jvm-1.13.8.jar:na]
	at io.mockk.proxy.jvm.ProxyMaker.proxy(ProxyMaker.kt:34) ~[mockk-agent-jvm-1.13.8.jar:na]
	at io.mockk.impl.instantiation.JvmMockFactory.newProxy(JvmMockFactory.kt:34) ~[mockk-jvm-1.13.8.jar:na]
	at io.mockk.impl.instantiation.AbstractMockFactory.newProxy$default(AbstractMockFactory.kt:24) ~[mockk-jvm-1.13.8.jar:na]
	at io.mockk.impl.instantiation.AbstractMockFactory.mockk(AbstractMockFactory.kt:59) ~[mockk-jvm-1.13.8.jar:na]
	at com.ninjasquad.springmockk.MockkDefinition.createMock(MockkDefinition.kt:95) ~[springmockk-4.0.2.jar:4.0.2]
	at com.ninjasquad.springmockk.MockkPostProcessor.registerMock(MockkPostProcessor.kt:167) ~[springmockk-4.0.2.jar:4.0.2]
	at com.ninjasquad.springmockk.MockkPostProcessor.register(MockkPostProcessor.kt:146) ~[springmockk-4.0.2.jar:4.0.2]
	at com.ninjasquad.springmockk.MockkPostProcessor.postProcessBeanFactory(MockkPostProcessor.kt:110) ~[springmockk-4.0.2.jar:4.0.2]
	at com.ninjasquad.springmockk.MockkPostProcessor.postProcessBeanFactory(MockkPostProcessor.kt:95) ~[springmockk-4.0.2.jar:4.0.2]
	at org.springframework.context.support.PostProcessorRegistrationDelegate.invokeBeanFactoryPostProcessors(PostProcessorRegistrationDelegate.java:363) ~[spring-context-6.1.8.jar:6.1.8]
	at org.springframework.context.support.PostProcessorRegistrationDelegate.invokeBeanFactoryPostProcessors(PostProcessorRegistrationDelegate.java:197) ~[spring-context-6.1.8.jar:6.1.8]
	at org.springframework.context.support.AbstractApplicationContext.invokeBeanFactoryPostProcessors(AbstractApplicationContext.java:788) ~[spring-context-6.1.8.jar:6.1.8]
	at org.springframework.context.support.AbstractApplicationContext.refresh(AbstractApplicationContext.java:606) ~[spring-context-6.1.8.jar:6.1.8]
	at org.springframework.boot.SpringApplication.refresh(SpringApplication.java:754) ~[spring-boot-3.3.0.jar:3.3.0]
	at org.springframework.boot.SpringApplication.refreshContext(SpringApplication.java:456) ~[spring-boot-3.3.0.jar:3.3.0]
	at org.springframework.boot.SpringApplication.run(SpringApplication.java:335) ~[spring-boot-3.3.0.jar:3.3.0]
	at org.springframework.boot.test.context.SpringBootContextLoader.lambda$loadContext$3(SpringBootContextLoader.java:137) ~[spring-boot-test-3.3.0.jar:3.3.0]
	at org.springframework.util.function.ThrowingSupplier.get(ThrowingSupplier.java:58) ~[spring-core-6.1.8.jar:6.1.8]
	at org.springframework.util.function.ThrowingSupplier.get(ThrowingSupplier.java:46) ~[spring-core-6.1.8.jar:6.1.8]
	at org.springframework.boot.SpringApplication.withHook(SpringApplication.java:1463) ~[spring-boot-3.3.0.jar:3.3.0]
	at org.springframework.boot.test.context.SpringBootContextLoader$ContextLoaderHook.run(SpringBootContextLoader.java:553) ~[spring-boot-test-3.3.0.jar:3.3.0]
	at org.springframework.boot.test.context.SpringBootContextLoader.loadContext(SpringBootContextLoader.java:137) ~[spring-boot-test-3.3.0.jar:3.3.0]
	at org.springframework.boot.test.context.SpringBootContextLoader.loadContext(SpringBootContextLoader.java:108) ~[spring-boot-test-3.3.0.jar:3.3.0]
	at org.springframework.test.context.cache.DefaultCacheAwareContextLoaderDelegate.loadContextInternal(DefaultCacheAwareContextLoaderDelegate.java:225) ~[spring-test-6.1.8.jar:6.1.8]
	at org.springframework.test.context.cache.DefaultCacheAwareContextLoaderDelegate.loadContext(DefaultCacheAwareContextLoaderDelegate.java:152) ~[spring-test-6.1.8.jar:6.1.8]
	at org.springframework.test.context.support.DefaultTestContext.getApplicationContext(DefaultTestContext.java:130) ~[spring-test-6.1.8.jar:6.1.8]
	at com.ninjasquad.springmockk.MockkTestExecutionListener.postProcessFields(MockkTestExecutionListener.kt:85) ~[springmockk-4.0.2.jar:4.0.2]
	at com.ninjasquad.springmockk.MockkTestExecutionListener.injectFields(MockkTestExecutionListener.kt:55) ~[springmockk-4.0.2.jar:4.0.2]
	at com.ninjasquad.springmockk.MockkTestExecutionListener.prepareTestInstance(MockkTestExecutionListener.kt:30) ~[springmockk-4.0.2.jar:4.0.2]
	at org.springframework.test.context.TestContextManager.prepareTestInstance(TestContextManager.java:260) ~[spring-test-6.1.8.jar:6.1.8]
	at org.springframework.test.context.junit.jupiter.SpringExtension.postProcessTestInstance(SpringExtension.java:163) ~[spring-test-6.1.8.jar:6.1.8]
	at org.junit.jupiter.engine.descriptor.ClassBasedTestDescriptor.lambda$invokeTestInstancePostProcessors$10(ClassBasedTestDescriptor.java:378) ~[junit-jupiter-engine-5.10.2.jar:5.10.2]
	at org.junit.jupiter.engine.descriptor.ClassBasedTestDescriptor.executeAndMaskThrowable(ClassBasedTestDescriptor.java:383) ~[junit-jupiter-engine-5.10.2.jar:5.10.2]
	at org.junit.jupiter.engine.descriptor.ClassBasedTestDescriptor.lambda$invokeTestInstancePostProcessors$11(ClassBasedTestDescriptor.java:378) ~[junit-jupiter-engine-5.10.2.jar:5.10.2]
	at java.base/java.util.stream.ReferencePipeline$3$1.accept(ReferencePipeline.java:214) ~[na:na]
	at java.base/java.util.stream.ReferencePipeline$2$1.accept(ReferencePipeline.java:197) ~[na:na]
	at java.base/java.util.ArrayList$ArrayListSpliterator.forEachRemaining(ArrayList.java:1724) ~[na:na]
	at java.base/java.util.stream.AbstractPipeline.copyInto(AbstractPipeline.java:570) ~[na:na]
	at java.base/java.util.stream.AbstractPipeline.wrapAndCopyInto(AbstractPipeline.java:560) ~[na:na]
	at java.base/java.util.stream.StreamSpliterators$WrappingSpliterator.forEachRemaining(StreamSpliterators.java:315) ~[na:na]
	at java.base/java.util.stream.Streams$ConcatSpliterator.forEachRemaining(Streams.java:735) ~[na:na]
	at java.base/java.util.stream.Streams$ConcatSpliterator.forEachRemaining(Streams.java:734) ~[na:na]
	at java.base/java.util.stream.ReferencePipeline$Head.forEach(ReferencePipeline.java:803) ~[na:na]
	at org.junit.jupiter.engine.descriptor.ClassBasedTestDescriptor.invokeTestInstancePostProcessors(ClassBasedTestDescriptor.java:377) ~[junit-jupiter-engine-5.10.2.jar:5.10.2]
	at org.junit.jupiter.engine.descriptor.ClassBasedTestDescriptor.lambda$instantiateAndPostProcessTestInstance$6(ClassBasedTestDescriptor.java:290) ~[junit-jupiter-engine-5.10.2.jar:5.10.2]
	at org.junit.platform.engine.support.hierarchical.ThrowableCollector.execute(ThrowableCollector.java:73) ~[junit-platform-engine-1.10.2.jar:1.10.2]
	at org.junit.jupiter.engine.descriptor.ClassBasedTestDescriptor.instantiateAndPostProcessTestInstance(ClassBasedTestDescriptor.java:289) ~[junit-jupiter-engine-5.10.2.jar:5.10.2]
	at org.junit.jupiter.engine.descriptor.ClassBasedTestDescriptor.lambda$testInstancesProvider$4(ClassBasedTestDescriptor.java:279) ~[junit-jupiter-engine-5.10.2.jar:5.10.2]
	at java.base/java.util.Optional.orElseGet(Optional.java:368) ~[na:na]
	at org.junit.jupiter.engine.descriptor.ClassBasedTestDescriptor.lambda$testInstancesProvider$5(ClassBasedTestDescriptor.java:278) ~[junit-jupiter-engine-5.10.2.jar:5.10.2]
	at org.junit.jupiter.engine.execution.TestInstancesProvider.getTestInstances(TestInstancesProvider.java:31) ~[junit-jupiter-engine-5.10.2.jar:5.10.2]
	at org.junit.jupiter.engine.descriptor.TestMethodTestDescriptor.lambda$prepare$0(TestMethodTestDescriptor.java:106) ~[junit-jupiter-engine-5.10.2.jar:5.10.2]
	at org.junit.platform.engine.support.hierarchical.ThrowableCollector.execute(ThrowableCollector.java:73) ~[junit-platform-engine-1.10.2.jar:1.10.2]
	at org.junit.jupiter.engine.descriptor.TestMethodTestDescriptor.prepare(TestMethodTestDescriptor.java:105) ~[junit-jupiter-engine-5.10.2.jar:5.10.2]
	at org.junit.jupiter.engine.descriptor.TestMethodTestDescriptor.prepare(TestMethodTestDescriptor.java:69) ~[junit-jupiter-engine-5.10.2.jar:5.10.2]
	at org.junit.platform.engine.support.hierarchical.NodeTestTask.lambda$prepare$2(NodeTestTask.java:123) ~[junit-platform-engine-1.10.2.jar:1.10.2]
	at org.junit.platform.engine.support.hierarchical.ThrowableCollector.execute(ThrowableCollector.java:73) ~[junit-platform-engine-1.10.2.jar:1.10.2]
	at org.junit.platform.engine.support.hierarchical.NodeTestTask.prepare(NodeTestTask.java:123) ~[junit-platform-engine-1.10.2.jar:1.10.2]
	at org.junit.platform.engine.support.hierarchical.NodeTestTask.execute(NodeTestTask.java:90) ~[junit-platform-engine-1.10.2.jar:1.10.2]
	at java.base/java.util.ArrayList.forEach(ArrayList.java:1612) ~[na:na]
	at org.junit.platform.engine.support.hierarchical.SameThreadHierarchicalTestExecutorService.invokeAll(SameThreadHierarchicalTestExecutorService.java:41) ~[junit-platform-engine-1.10.2.jar:1.10.2]
	at org.junit.platform.engine.support.hierarchical.NodeTestTask.lambda$executeRecursively$6(NodeTestTask.java:155) ~[junit-platform-engine-1.10.2.jar:1.10.2]
	at org.junit.platform.engine.support.hierarchical.ThrowableCollector.execute(ThrowableCollector.java:73) ~[junit-platform-engine-1.10.2.jar:1.10.2]
	at org.junit.platform.engine.support.hierarchical.NodeTestTask.lambda$executeRecursively$8(NodeTestTask.java:141) ~[junit-platform-engine-1.10.2.jar:1.10.2]
	at org.junit.platform.engine.support.hierarchical.Node.around(Node.java:137) ~[junit-platform-engine-1.10.2.jar:1.10.2]
	at org.junit.platform.engine.support.hierarchical.NodeTestTask.lambda$executeRecursively$9(NodeTestTask.java:139) ~[junit-platform-engine-1.10.2.jar:1.10.2]
	at org.junit.platform.engine.support.hierarchical.ThrowableCollector.execute(ThrowableCollector.java:73) ~[junit-platform-engine-1.10.2.jar:1.10.2]
	at org.junit.platform.engine.support.hierarchical.NodeTestTask.executeRecursively(NodeTestTask.java:138) ~[junit-platform-engine-1.10.2.jar:1.10.2]
	at org.junit.platform.engine.support.hierarchical.NodeTestTask.execute(NodeTestTask.java:95) ~[junit-platform-engine-1.10.2.jar:1.10.2]
	at java.base/java.util.ArrayList.forEach(ArrayList.java:1612) ~[na:na]
	at org.junit.platform.engine.support.hierarchical.SameThreadHierarchicalTestExecutorService.invokeAll(SameThreadHierarchicalTestExecutorService.java:41) ~[junit-platform-engine-1.10.2.jar:1.10.2]
	at org.junit.platform.engine.support.hierarchical.NodeTestTask.lambda$executeRecursively$6(NodeTestTask.java:155) ~[junit-platform-engine-1.10.2.jar:1.10.2]
	at org.junit.platform.engine.support.hierarchical.ThrowableCollector.execute(ThrowableCollector.java:73) ~[junit-platform-engine-1.10.2.jar:1.10.2]
	at org.junit.platform.engine.support.hierarchical.NodeTestTask.lambda$executeRecursively$8(NodeTestTask.java:141) ~[junit-platform-engine-1.10.2.jar:1.10.2]
	at org.junit.platform.engine.support.hierarchical.Node.around(Node.java:137) ~[junit-platform-engine-1.10.2.jar:1.10.2]
	at org.junit.platform.engine.support.hierarchical.NodeTestTask.lambda$executeRecursively$9(NodeTestTask.java:139) ~[junit-platform-engine-1.10.2.jar:1.10.2]
	at org.junit.platform.engine.support.hierarchical.ThrowableCollector.execute(ThrowableCollector.java:73) ~[junit-platform-engine-1.10.2.jar:1.10.2]
	at org.junit.platform.engine.support.hierarchical.NodeTestTask.executeRecursively(NodeTestTask.java:138) ~[junit-platform-engine-1.10.2.jar:1.10.2]
	at org.junit.platform.engine.support.hierarchical.NodeTestTask.execute(NodeTestTask.java:95) ~[junit-platform-engine-1.10.2.jar:1.10.2]
	at org.junit.platform.engine.support.hierarchical.SameThreadHierarchicalTestExecutorService.submit(SameThreadHierarchicalTestExecutorService.java:35) ~[junit-platform-engine-1.10.2.jar:1.10.2]
	at org.junit.platform.engine.support.hierarchical.HierarchicalTestExecutor.execute(HierarchicalTestExecutor.java:57) ~[junit-platform-engine-1.10.2.jar:1.10.2]
	at org.junit.platform.engine.support.hierarchical.HierarchicalTestEngine.execute(HierarchicalTestEngine.java:54) ~[junit-platform-engine-1.10.2.jar:1.10.2]
	at org.junit.platform.launcher.core.EngineExecutionOrchestrator.execute(EngineExecutionOrchestrator.java:198) ~[junit-platform-launcher-1.10.2.jar:1.10.2]
	at org.junit.platform.launcher.core.EngineExecutionOrchestrator.execute(EngineExecutionOrchestrator.java:169) ~[junit-platform-launcher-1.10.2.jar:1.10.2]
	at org.junit.platform.launcher.core.EngineExecutionOrchestrator.execute(EngineExecutionOrchestrator.java:93) ~[junit-platform-launcher-1.10.2.jar:1.10.2]
	at org.junit.platform.launcher.core.EngineExecutionOrchestrator.lambda$execute$0(EngineExecutionOrchestrator.java:58) ~[junit-platform-launcher-1.10.2.jar:1.10.2]
	at org.junit.platform.launcher.core.EngineExecutionOrchestrator.withInterceptedStreams(EngineExecutionOrchestrator.java:141) ~[junit-platform-launcher-1.10.2.jar:1.10.2]
	at org.junit.platform.launcher.core.EngineExecutionOrchestrator.execute(EngineExecutionOrchestrator.java:57) ~[junit-platform-launcher-1.10.2.jar:1.10.2]
	at org.junit.platform.launcher.core.DefaultLauncher.execute(DefaultLauncher.java:103) ~[junit-platform-launcher-1.10.2.jar:1.10.2]
	at org.junit.platform.launcher.core.DefaultLauncher.execute(DefaultLauncher.java:85) ~[junit-platform-launcher-1.10.2.jar:1.10.2]
	at org.junit.platform.launcher.core.DelegatingLauncher.execute(DelegatingLauncher.java:47) ~[junit-platform-launcher-1.10.2.jar:1.10.2]
	at org.gradle.api.internal.tasks.testing.junitplatform.JUnitPlatformTestDefinitionProcessor$CollectThenExecuteTestDefinitionConsumer.processAllTestDefinitions(JUnitPlatformTestDefinitionProcessor.java:179) ~[na:na]
	at org.gradle.api.internal.tasks.testing.junitplatform.JUnitPlatformTestDefinitionProcessor$CollectThenExecuteTestDefinitionConsumer.access$000(JUnitPlatformTestDefinitionProcessor.java:122) ~[na:na]
	at org.gradle.api.internal.tasks.testing.junitplatform.JUnitPlatformTestDefinitionProcessor.stop(JUnitPlatformTestDefinitionProcessor.java:116) ~[na:na]
	at org.gradle.api.internal.tasks.testing.SuiteTestDefinitionProcessor.stop(SuiteTestDefinitionProcessor.java:63) ~[na:na]
	at java.base/jdk.internal.reflect.DirectMethodHandleAccessor.invoke(DirectMethodHandleAccessor.java:104) ~[na:na]
	at java.base/java.lang.reflect.Method.invoke(Method.java:565) ~[na:na]
	at org.gradle.internal.dispatch.MethodInvocation.invokeOn(MethodInvocation.java:77) ~[na:na]
	at org.gradle.internal.dispatch.ReflectionDispatch.dispatch(ReflectionDispatch.java:28) ~[na:na]
	at org.gradle.internal.dispatch.ReflectionDispatch.dispatch(ReflectionDispatch.java:19) ~[na:na]
	at org.gradle.internal.dispatch.ContextClassLoaderDispatch.dispatch(ContextClassLoaderDispatch.java:33) ~[na:na]
	at org.gradle.internal.dispatch.ProxyDispatchAdapter$DispatchingInvocationHandler.invoke(ProxyDispatchAdapter.java:88) ~[na:na]
	at jdk.proxy2/jdk.proxy2.$Proxy6.stop(Unknown Source) ~[na:na]
	at org.gradle.api.internal.tasks.testing.worker.TestWorker$3.run(TestWorker.java:195) ~[na:na]
	at org.gradle.api.internal.tasks.testing.worker.TestWorker.executeAndMaintainThreadName(TestWorker.java:126) ~[na:na]
	at org.gradle.api.internal.tasks.testing.worker.TestWorker.execute(TestWorker.java:103) ~[na:na]
	at org.gradle.api.internal.tasks.testing.worker.TestWorker.execute(TestWorker.java:63) ~[na:na]
	at org.gradle.process.internal.worker.child.ActionExecutionWorker.execute(ActionExecutionWorker.java:56) ~[na:na]
	at org.gradle.process.internal.worker.child.SystemApplicationClassLoaderWorker.call(SystemApplicationClassLoaderWorker.java:122) ~[na:na]
	at org.gradle.process.internal.worker.child.SystemApplicationClassLoaderWorker.call(SystemApplicationClassLoaderWorker.java:72) ~[na:na]
	at worker.org.gradle.process.internal.worker.GradleWorkerMain.run(GradleWorkerMain.java:69) ~[gradle-worker.jar:na]
	at worker.org.gradle.process.internal.worker.GradleWorkerMain.main(GradleWorkerMain.java:74) ~[gradle-worker.jar:na]

2026-06-06T16:12:00.334+08:00  WARN 21604 --- [    Test worker] .s.s.UserDetailsServiceAutoConfiguration : 

Using generated security password: 1f85c407-24d6-420c-a46d-9332b8533a41

This generated password is for development use only. Your security configuration must be updated before running your application in production.

2026-06-06T16:12:00.347+08:00  INFO 21604 --- [    Test worker] r$InitializeUserDetailsManagerConfigurer : Global AuthenticationManager configured with UserDetailsService bean with name inMemoryUserDetailsManager
2026-06-06T16:12:00.918+08:00  INFO 21604 --- [    Test worker] o.s.s.web.DefaultSecurityFilterChain     : Will secure any request with [org.springframework.security.web.session.DisableEncodeUrlFilter@337d97e3, org.springframework.security.web.context.request.async.WebAsyncManagerIntegrationFilter@502aa66a, org.springframework.security.web.context.SecurityContextHolderFilter@3bc3cdb7, org.springframework.security.web.header.HeaderWriterFilter@1e5bc4e7, org.springframework.web.filter.CorsFilter@5a06fcfc, org.springframework.security.web.authentication.logout.LogoutFilter@694adaac, com.ecda.platform.security.JwtAuthFilter@790e6eae, org.springframework.security.web.savedrequest.RequestCacheAwareFilter@6f3059ad, org.springframework.security.web.servletapi.SecurityContextHolderAwareRequestFilter@68955382, org.springframework.security.web.authentication.AnonymousAuthenticationFilter@4c9a3ae, org.springframework.security.web.session.SessionManagementFilter@6145be92, org.springframework.security.web.access.ExceptionTranslationFilter@4a4cdeb0, org.springframework.security.web.access.intercept.AuthorizationFilter@3eebbbf5]
2026-06-06T16:12:01.336+08:00 DEBUG 21604 --- [    Test worker] c.ecda.platform.security.JwtAuthFilter   : Filter 'jwtAuthFilter' configured for use
2026-06-06T16:12:01.346+08:00  INFO 21604 --- [    Test worker] o.s.b.t.m.w.SpringBootMockServletContext : Initializing Spring TestDispatcherServlet ''
2026-06-06T16:12:01.346+08:00  INFO 21604 --- [    Test worker] o.s.t.web.servlet.TestDispatcherServlet  : Initializing Servlet ''
2026-06-06T16:12:01.348+08:00  INFO 21604 --- [    Test worker] o.s.t.web.servlet.TestDispatcherServlet  : Completed initialization in 1 ms
2026-06-06T16:12:01.391+08:00  INFO 21604 --- [    Test worker] c.e.p.controller.CentreControllerTest    : Started CentreControllerTest in 3.626 seconds (process running for 6.077)
2026-06-06T16:12:01.794+08:00 DEBUG 21604 --- [    Test worker] o.s.security.web.FilterChainProxy        : Securing GET /api/centres
2026-06-06T16:12:01.807+08:00 DEBUG 21604 --- [    Test worker] o.s.security.web.FilterChainProxy        : Secured GET /api/centres
2026-06-06T16:12:02.343+08:00 DEBUG 21604 --- [    Test worker] o.s.security.web.FilterChainProxy        : Securing GET /api/centres?name=Happy&page=0&size=20
2026-06-06T16:12:02.344+08:00 DEBUG 21604 --- [    Test worker] o.s.security.web.FilterChainProxy        : Secured GET /api/centres?name=Happy&page=0&size=20
2026-06-06T16:12:02.385+08:00 DEBUG 21604 --- [    Test worker] o.s.security.web.FilterChainProxy        : Securing POST /api/centres
2026-06-06T16:12:02.385+08:00 DEBUG 21604 --- [    Test worker] o.s.security.web.FilterChainProxy        : Secured POST /api/centres
2026-06-06T16:12:02.635+08:00  WARN 21604 --- [    Test worker] .w.s.m.s.DefaultHandlerExceptionResolver : Resolved [org.springframework.web.bind.MethodArgumentNotValidException: Validation failed for argument [0] in public com.ecda.platform.dto.CentreProfileDto com.ecda.platform.controller.CentreController.createCentre(com.ecda.platform.dto.CreateCentreRequest,org.springframework.security.core.Authentication) with 2 errors: [Field error in object 'createCentreRequest' on field 'capacity': rejected value [-1]; codes [Positive.createCentreRequest.capacity,Positive.capacity,Positive.int,Positive]; arguments [org.springframework.context.support.DefaultMessageSourceResolvable: codes [createCentreRequest.capacity,capacity]; arguments []; default message [capacity]]; default message [must be greater than 0]] [Field error in object 'createCentreRequest' on field 'centreId': rejected value []; codes [NotBlank.createCentreRequest.centreId,NotBlank.centreId,NotBlank.java.lang.String,NotBlank]; arguments [org.springframework.context.support.DefaultMessageSourceResolvable: codes [createCentreRequest.centreId,centreId]; arguments []; default message [centreId]]; default message [must not be blank]] ]
2026-06-06T16:12:02.736+08:00 DEBUG 21604 --- [    Test worker] o.s.security.web.FilterChainProxy        : Securing POST /api/centres
2026-06-06T16:12:02.737+08:00 DEBUG 21604 --- [    Test worker] o.s.security.web.FilterChainProxy        : Secured POST /api/centres
2026-06-06T16:12:03.156+08:00 DEBUG 21604 --- [    Test worker] o.s.security.web.FilterChainProxy        : Securing GET /api/centres?page=1&size=20
2026-06-06T16:12:03.157+08:00 DEBUG 21604 --- [    Test worker] o.s.security.web.FilterChainProxy        : Secured GET /api/centres?page=1&size=20
2026-06-06T16:12:03.171+08:00 DEBUG 21604 --- [    Test worker] o.s.security.web.FilterChainProxy        : Securing GET /api/centres
2026-06-06T16:12:03.172+08:00 DEBUG 21604 --- [    Test worker] o.s.s.w.a.AnonymousAuthenticationFilter  : Set SecurityContextHolder to anonymous SecurityContext
2026-06-06T16:12:03.202+08:00 DEBUG 21604 --- [    Test worker] o.s.security.web.FilterChainProxy        : Securing POST /api/centres/1
2026-06-06T16:12:03.203+08:00 DEBUG 21604 --- [    Test worker] o.s.s.w.access.AccessDeniedHandlerImpl   : Responding with 403 status code
2026-06-06T16:12:03.209+08:00 DEBUG 21604 --- [    Test worker] o.s.security.web.FilterChainProxy        : Securing POST /api/centres
2026-06-06T16:12:03.209+08:00 DEBUG 21604 --- [    Test worker] o.s.s.w.access.AccessDeniedHandlerImpl   : Responding with 403 status code
2026-06-06T16:12:03.221+08:00 DEBUG 21604 --- [    Test worker] o.s.security.web.FilterChainProxy        : Securing PATCH /api/centres/1
2026-06-06T16:12:03.221+08:00 DEBUG 21604 --- [    Test worker] o.s.security.web.FilterChainProxy        : Secured PATCH /api/centres/1
2026-06-06T16:12:03.248+08:00 DEBUG 21604 --- [    Test worker] o.s.security.web.FilterChainProxy        : Securing GET /api/centres/999
2026-06-06T16:12:03.249+08:00 DEBUG 21604 --- [    Test worker] o.s.security.web.FilterChainProxy        : Secured GET /api/centres/999
2026-06-06T16:12:03.263+08:00 DEBUG 21604 --- [    Test worker] o.s.security.web.FilterChainProxy        : Securing GET /api/centres/1
2026-06-06T16:12:03.264+08:00 DEBUG 21604 --- [    Test worker] o.s.security.web.FilterChainProxy        : Secured GET /api/centres/1
2026-06-06T16:12:03.276+08:00 DEBUG 21604 --- [    Test worker] o.s.security.web.FilterChainProxy        : Securing POST /api/centres
2026-06-06T16:12:03.276+08:00 DEBUG 21604 --- [    Test worker] o.s.security.web.FilterChainProxy        : Secured POST /api/centres
]]></system-out>
  <system-err><![CDATA[WARNING: A Java agent has been loaded dynamically (C:\Users\SONG\scoop\persist\gradle\.gradle\caches\modules-2\files-2.1\net.bytebuddy\byte-buddy-agent\1.14.16\4a451ee6484abac3a498df0f3b33ed00a6fced4d\byte-buddy-agent-1.14.16.jar)
WARNING: If a serviceability tool is in use, please run with -XX:+EnableDynamicAgentLoading to hide this warning
WARNING: If a serviceability tool is not in use, please run with -Djdk.instrument.traceUsage for more information
WARNING: Dynamic loading of agents will be disallowed by default in a future release
]]></system-err>
</testsuite>
